<?xml version="1.0" encoding="UTF-8"?>
<!-- Generated by org.testng.reporters.JUnitReportReporter -->
<testsuite hostname="IT-SA16856823" name="Test.LoginDemo" tests="1" failures="0" timestamp="11 Apr 2019 06:32:03 GMT" time="34.380" errors="0">
  <testcase name="Login" time="34.380" classname="Test.LoginDemo"/>
</testsuite> <!-- Test.LoginDemo -->
